#-----------------------------------------------------------
# Vivado v2018.3 (64-bit)
# SW Build 2405991 on Thu Dec  6 23:38:27 MST 2018
# IP Build 2404404 on Fri Dec  7 01:43:56 MST 2018
# Start of session at: Mon Feb 17 18:36:58 2020
# Process ID: 16500
# Current directory: D:/project/Code/Plug/fpga_support
# Command line: vivado.exe -mode tcl -s D:\project\Code\Plug\fpga_support\src\.TOOL\Xilinx\start.tcl -notrace
# Log file: D:/project/Code/Plug/fpga_support/vivado.log
# Journal file: D:/project/Code/Plug/fpga_support\vivado.jou
#-----------------------------------------------------------
Sourcing tcl script 'D:/APP/vivado_18_3/Vivado/2018.3/scripts/Vivado_init.tcl'
source {D:\project\Code\Plug\fpga_support\src\.TOOL\Xilinx\start.tcl} -notrace

---------which device you want to create---------
#note:input the number to choose the device
#     input the a to Add the device
#     input the b to Delete the device
#     input the e to exit
1) xc7z020clg400-2
2) xc7a35tftg256-1
---------please input your chooce---------
please input the number of device
extra characters after close-brace
    while executing
"if {[string compare $line $device_arr($Device_num)] == -1}{
                    set newline $line
                    puts $newfd $newline
           ..."
    invoked from within
"while {[gets $fd line] >= 0} {
                if {[string compare $line $device_arr($Device_num)] == -1}{
                    set newline $line
     ..."
    ("while" body line 31)
    invoked from within
"while {$your_chooce == "a" || $your_chooce == "d"} {
    puts \f
    puts "---------which device you want to create---------"
    puts "#note:input th..."
    (file "D:\project\Code\Plug\fpga_support\src\.TOOL\Xilinx\start.tcl" line 11)
Vivado% exit
INFO: [Common 17-206] Exiting Vivado at Mon Feb 17 19:06:19 2020...
